# JRE version: Java(TM) SE Runtime Environment (11.0+28) (build 11+28)
# Java VM: Java HotSpot(TM) 64-Bit Server VM (11+28, mixed mode, tiered, compressed oops, g1 gc, windows-amd64)
Heap:
 garbage-first heap   total 262144K, used 104163K [0x00000000e0000000, 0x0000000100000000)
  region size 1024K, 24 young (24576K), 16 survivors (16384K)
 Metaspace       used 71105K, capacity 73368K, committed 73644K, reserved 319488K
  class space    used 8865K, capacity 9665K, committed 9728K, reserved 253952K
GC Heap History (10 events):
Event: 6902.756 GC heap before
{Heap before GC invocations=11 (full 0):
 garbage-first heap   total 262144K, used 192864K [0x00000000e0000000, 0x0000000100000000)
  region size 1024K, 151 young (154624K), 4 survivors (4096K)
 Metaspace       used 65560K, capacity 67678K, committed 67756K, reserved 313344K
  class space    used 8463K, capacity 9208K, committed 9216K, reserved 253952K
}
Event: 6902.766 GC heap after
{Heap after GC invocations=12 (full 0):
 garbage-first heap   total 262144K, used 60232K [0x00000000e0000000, 0x0000000100000000)
  region size 1024K, 19 young (19456K), 19 survivors (19456K)
 Metaspace       used 65560K, capacity 67678K, committed 67756K, reserved 313344K
  class space    used 8463K, capacity 9208K, committed 9216K, reserved 253952K
}
Event: 6904.201 GC heap before
{Heap before GC invocations=12 (full 0):
 garbage-first heap   total 262144K, used 192328K [0x00000000e0000000, 0x0000000100000000)
  region size 1024K, 148 young (151552K), 19 survivors (19456K)
 Metaspace       used 68923K, capacity 71120K, committed 71468K, reserved 317440K
  class space    used 8715K, capacity 9486K, committed 9600K, reserved 253952K
}
Event: 6904.218 GC heap after
{Heap after GC invocations=13 (full 0):
 garbage-first heap   total 262144K, used 78576K [0x00000000e0000000, 0x0000000100000000)
  region size 1024K, 18 young (18432K), 18 survivors (18432K)
 Metaspace       used 68923K, capacity 71120K, committed 71468K, reserved 317440K
  class space    used 8715K, capacity 9486K, committed 9600K, reserved 253952K
}
Event: 6905.886 GC heap before
{Heap before GC invocations=13 (full 0):
 garbage-first heap   total 262144K, used 195312K [0x00000000e0000000, 0x0000000100000000)
  region size 1024K, 132 young (135168K), 18 survivors (18432K)
 Metaspace       used 69560K, capacity 71723K, committed 71980K, reserved 317440K
  class space    used 8734K, capacity 9532K, committed 9600K, reserved 253952K
}
Event: 6905.900 GC heap after
{Heap after GC invocations=14 (full 0):
 garbage-first heap   total 262144K, used 83187K [0x00000000e0000000, 0x0000000100000000)
  region size 1024K, 4 young (4096K), 4 survivors (4096K)
 Metaspace       used 69560K, capacity 71723K, committed 71980K, reserved 317440K
  class space    used 8734K, capacity 9532K, committed 9600K, reserved 253952K
}
Event: 6907.960 GC heap before
{Heap before GC invocations=14 (full 0):
 garbage-first heap   total 262144K, used 201971K [0x00000000e0000000, 0x0000000100000000)
  region size 1024K, 120 young (122880K), 4 survivors (4096K)
 Metaspace       used 70591K, capacity 72861K, committed 73132K, reserved 317440K
  class space    used 8813K, capacity 9633K, committed 9728K, reserved 253952K
}
Event: 6907.966 GC heap after
{Heap after GC invocations=15 (full 0):
 garbage-first heap   total 262144K, used 87515K [0x00000000e0000000, 0x0000000100000000)
  region size 1024K, 9 young (9216K), 9 survivors (9216K)
 Metaspace       used 70591K, capacity 72861K, committed 73132K, reserved 317440K
  class space    used 8813K, capacity 9633K, committed 9728K, reserved 253952K
}
Event: 6909.397 GC heap before
{Heap before GC invocations=15 (full 0):
 garbage-first heap   total 262144K, used 204251K [0x00000000e0000000, 0x0000000100000000)
  region size 1024K, 124 young (126976K), 9 survivors (9216K)
 Metaspace       used 70990K, capacity 73265K, committed 73388K, reserved 319488K
  class space    used 8850K, capacity 9653K, committed 9728K, reserved 253952K
}
Event: 6909.407 GC heap after
{Heap after GC invocations=16 (full 0):
 garbage-first heap   total 262144K, used 96995K [0x00000000e0000000, 0x0000000100000000)
  region size 1024K, 16 young (16384K), 16 survivors (16384K)
 Metaspace       used 70990K, capacity 73265K, committed 73388K, reserved 319488K
  class space    used 8850K, capacity 9653K, committed 9728K, reserved 253952K
}

